<?xml version="1.0" encoding="UTF-8"?>
<testsuite xmlns:xsi="http://www.w3.org/2001/XMLSchema-instance" xsi:noNamespaceSchemaLocation="https://maven.apache.org/surefire/maven-surefire-plugin/xsd/surefire-test-report.xsd" version="3.0.2" name="TestSuite" time="43.059" tests="16" errors="0" skipped="0" failures="0">
  <properties>
[...]
</properties>
  <testcase name="testCreateUser[morpheus, zion resident](1)" classname="com.example.Tests.api.UserTests" time="1.758">
    <system-err><![CDATA[SLF4J(W): No SLF4J providers were found.
SLF4J(W): Defaulting to no-operation (NOP) logger implementation
SLF4J(W): See https://www.slf4j.org/codes.html#noProviders for further details.
]]></system-err>
  </testcase>
  <testcase name="testCreateUser[Karyn, Coordinator](2)" classname="com.example.Tests.api.UserTests" time="0.337"/>
  <testcase name="testListUsersInPageNo2[7, michael.lawson@reqres.in](1)" classname="com.example.Tests.api.UserTests" time="0.33"/>
  <testcase name="testListUsersInPageNo2[8, lindsay.ferguson@reqres.in](2)" classname="com.example.Tests.api.UserTests" time="0.225"/>
  <testcase name="testListUsersInPageNo2[9, tobias.funke@reqres.in](3)" classname="com.example.Tests.api.UserTests" time="0.207"/>
  <testcase name="testListUsersInPageNo2[10, byron.fields@reqres.in](4)" classname="com.example.Tests.api.UserTests" time="0.22"/>
  <testcase name="testListUsersInPageNo2[11, george.edwards@reqres.in](5)" classname="com.example.Tests.api.UserTests" time="0.236"/>
  <testcase name="testListUsersInPageNo2[12, rachel.howell@reqres.in](6)" classname="com.example.Tests.api.UserTests" time="0.215"/>
  <testcase name="testUpdateUser[morpheus, zion resident](1)" classname="com.example.Tests.api.UserTests" time="0.28"/>
  <testcase name="testUpdateUser[Araceli, Strategist](2)" classname="com.example.Tests.api.UserTests" time="0.257"/>
  <testcase name="checkVisibilityOfRegistrationFormElements" classname="com.example.Tests.web.RegistrationPageTests" time="0.025"/>
  <testcase name="checkVisibilityOfRegistrationFormElements" classname="com.example.Tests.web.RegistrationPageTests" time="0.023"/>
  <testcase name="testRegistrationWithInValidData" classname="com.example.Tests.web.RegistrationPageTests" time="3.386"/>
  <testcase name="testRegistrationWithInValidData" classname="com.example.Tests.web.RegistrationPageTests" time="2.878"/>
  <testcase name="testRegistrationWithValidData" classname="com.example.Tests.web.RegistrationPageTests" time="5.971"/>
  <testcase name="testRegistrationWithValidData" classname="com.example.Tests.web.RegistrationPageTests" time="6.351"/>
</testsuite>