<?xml version="1.0" encoding="UTF-8"?>
<!-- Generated by org.testng.reporters.JUnitXMLReporter -->
<testsuite ignored="0" hostname="mahmoud" failures="0" tests="10" name="API Tests" time="4.214" errors="0" timestamp="2024-09-04T03:18:30 EEST">
  <testcase classname="com.example.Tests.api.UserTests" name="testCreateUser" time="1.72"/>
  <testcase classname="com.example.Tests.api.UserTests" name="testCreateUser" time="0.338"/>
  <testcase classname="com.example.Tests.api.UserTests" name="testListUsersInPageNo2" time="0.329"/>
  <testcase classname="com.example.Tests.api.UserTests" name="testListUsersInPageNo2" time="0.223"/>
  <testcase classname="com.example.Tests.api.UserTests" name="testListUsersInPageNo2" time="0.207"/>
  <testcase classname="com.example.Tests.api.UserTests" name="testListUsersInPageNo2" time="0.22"/>
  <testcase classname="com.example.Tests.api.UserTests" name="testListUsersInPageNo2" time="0.235"/>
  <testcase classname="com.example.Tests.api.UserTests" name="testListUsersInPageNo2" time="0.214"/>
  <testcase classname="com.example.Tests.api.UserTests" name="testUpdateUser" time="0.279"/>
  <testcase classname="com.example.Tests.api.UserTests" name="testUpdateUser" time="0.258"/>
</testsuite> <!-- API Tests -->
