<?xml version="1.0" encoding="UTF-8"?>
<!-- Generated by org.testng.reporters.JUnitXMLReporter -->
<testsuite ignored="0" hostname="mahmoud" failures="0" tests="3" name="Web Tests - Fireforx" time="25.448" errors="0" timestamp="2024-09-04T03:18:55 EEST">
  <testcase classname="com.example.Tests.web.RegistrationPageTests" name="checkVisibilityOfRegistrationFormElements" time="0.024"/>
  <testcase classname="com.example.Tests.web.RegistrationPageTests" name="testRegistrationWithInValidData" time="3.384"/>
  <testcase classname="com.example.Tests.web.RegistrationPageTests" name="testRegistrationWithValidData" time="5.97"/>
</testsuite> <!-- Web Tests - Fireforx -->
