<?xml version="1.0" encoding="UTF-8"?>
<!-- Generated by org.testng.reporters.JUnitXMLReporter -->
<testsuite ignored="0" hostname="mahmoud" failures="0" tests="3" name="Web Tests - Chrome" time="12.932" errors="0" timestamp="2024-09-04T03:19:08 EEST">
  <testcase classname="com.example.Tests.web.RegistrationPageTests" name="checkVisibilityOfRegistrationFormElements" time="0.022"/>
  <testcase classname="com.example.Tests.web.RegistrationPageTests" name="testRegistrationWithInValidData" time="2.877"/>
  <testcase classname="com.example.Tests.web.RegistrationPageTests" name="testRegistrationWithValidData" time="6.349"/>
</testsuite> <!-- Web Tests - Chrome -->
